<?xml version="1.0" encoding="UTF-8"?>
<!-- Generated by org.testng.reporters.JUnitReportReporter -->
<testsuite skipped="1" hostname="IZDT-211" name="com.r1v2.backend.modules.ScenarioSpecialPage" tests="7" failures="0" timestamp="30 Jul 2018 08:22:25 GMT" time="19.799" errors="0">
  <testcase name="testPG_1" time="12.322" classname="com.r1v2.backend.modules.ScenarioSpecialPage"/>
  <testcase name="testPG_10" time="0.496" classname="com.r1v2.backend.modules.ScenarioSpecialPage"/>
  <testcase name="testPG_11" time="0.936" classname="com.r1v2.backend.modules.ScenarioSpecialPage"/>
  <testcase name="testPG_12" time="0.285" classname="com.r1v2.backend.modules.ScenarioSpecialPage"/>
  <testcase name="testPG_5" time="0.000" classname="com.r1v2.backend.modules.ScenarioSpecialPage">
    <skipped/>
  </testcase> <!-- testPG_5 -->
  <testcase name="testPG_6" time="5.266" classname="com.r1v2.backend.modules.ScenarioSpecialPage"/>
  <testcase name="testPG_7" time="0.494" classname="com.r1v2.backend.modules.ScenarioSpecialPage"/>
</testsuite> <!-- com.r1v2.backend.modules.ScenarioSpecialPage -->
