<?xml version="1.0" encoding="UTF-8"?>
<!-- Generated by org.testng.reporters.JUnitReportReporter -->
<testsuite skipped="0" hostname="HMECD001609" name="com.r1v2.backend.pagebuilder.module.ScenarioLogin" tests="10" failures="0" timestamp="15 Jul 2019 06:28:26 GMT" time="19.286" errors="0">
  <testcase name="testSC_1" time="0.714" classname="com.r1v2.backend.pagebuilder.module.ScenarioLogin"/>
  <testcase name="testSC_2" time="0.660" classname="com.r1v2.backend.pagebuilder.module.ScenarioLogin"/>
  <testcase name="testSC_3" time="0.464" classname="com.r1v2.backend.pagebuilder.module.ScenarioLogin"/>
  <testcase name="testSC_4" time="0.461" classname="com.r1v2.backend.pagebuilder.module.ScenarioLogin"/>
  <testcase name="testSC_5" time="0.493" classname="com.r1v2.backend.pagebuilder.module.ScenarioLogin"/>
  <testcase name="testSC_6" time="0.485" classname="com.r1v2.backend.pagebuilder.module.ScenarioLogin"/>
  <testcase name="testSC_7" time="0.585" classname="com.r1v2.backend.pagebuilder.module.ScenarioLogin"/>
  <testcase name="testSC_8" time="0.720" classname="com.r1v2.backend.pagebuilder.module.ScenarioLogin"/>
  <testcase name="testSC_9" time="8.721" classname="com.r1v2.backend.pagebuilder.module.ScenarioLogin"/>
  <testcase name="testPG_10" time="5.983" classname="com.r1v2.backend.pagebuilder.module.ScenarioLogin"/>
</testsuite> <!-- com.r1v2.backend.pagebuilder.module.ScenarioLogin -->
