<?xml version="1.0" encoding="UTF-8"?>
<!-- Generated by org.testng.reporters.JUnitReportReporter -->
<testsuite skipped="0" hostname="IZDT-211" name="com.r1v2.frontend.pagebuilder.module.CampaignPage" tests="1" failures="0" timestamp="07 Aug 2018 10:43:46 GMT" time="4.139" errors="0">
  <testcase name="testPG_1" time="4.139" classname="com.r1v2.frontend.pagebuilder.module.CampaignPage"/>
</testsuite> <!-- com.r1v2.frontend.pagebuilder.module.CampaignPage -->
