<?xml version="1.0" encoding="UTF-8"?>
<!-- Generated by org.testng.reporters.JUnitReportReporter -->
<testsuite skipped="0" hostname="IZDT-211" name="com.r1v2.backend.pagebuilder.module.ScenarioContentPage" tests="7" failures="0" timestamp="20 Aug 2018 10:00:38 GMT" time="19.191" errors="0">
  <testcase name="testPG_1" time="0.239" classname="com.r1v2.backend.pagebuilder.module.ScenarioContentPage"/>
  <testcase name="testPG_2" time="4.137" classname="com.r1v2.backend.pagebuilder.module.ScenarioContentPage"/>
  <testcase name="testPG_3" time="0.129" classname="com.r1v2.backend.pagebuilder.module.ScenarioContentPage"/>
  <testcase name="testPG_4" time="0.849" classname="com.r1v2.backend.pagebuilder.module.ScenarioContentPage"/>
  <testcase name="testPG_5" time="1.142" classname="com.r1v2.backend.pagebuilder.module.ScenarioContentPage"/>
  <testcase name="testPG_6" time="11.793" classname="com.r1v2.backend.pagebuilder.module.ScenarioContentPage"/>
  <testcase name="testPG_7" time="0.902" classname="com.r1v2.backend.pagebuilder.module.ScenarioContentPage"/>
</testsuite> <!-- com.r1v2.backend.pagebuilder.module.ScenarioContentPage -->
