<?xml version="1.0" encoding="UTF-8"?>
<!-- Generated by org.testng.reporters.JUnitReportReporter -->
<testsuite skipped="0" hostname="IZDT-211" name="com.r1v2.backend.pagebuilder.module.ScenarioSpecialPage" tests="7" failures="0" timestamp="06 Aug 2018 09:22:24 GMT" time="9.507" errors="0">
  <testcase name="testPG_1" time="5.982" classname="com.r1v2.backend.pagebuilder.module.ScenarioSpecialPage"/>
  <testcase name="testPG_10" time="0.432" classname="com.r1v2.backend.pagebuilder.module.ScenarioSpecialPage"/>
  <testcase name="testPG_11" time="0.892" classname="com.r1v2.backend.pagebuilder.module.ScenarioSpecialPage"/>
  <testcase name="testPG_12" time="0.276" classname="com.r1v2.backend.pagebuilder.module.ScenarioSpecialPage"/>
  <testcase name="testPG_5" time="0.626" classname="com.r1v2.backend.pagebuilder.module.ScenarioSpecialPage"/>
  <testcase name="testPG_6" time="0.756" classname="com.r1v2.backend.pagebuilder.module.ScenarioSpecialPage"/>
  <testcase name="testPG_7" time="0.543" classname="com.r1v2.backend.pagebuilder.module.ScenarioSpecialPage"/>
</testsuite> <!-- com.r1v2.backend.pagebuilder.module.ScenarioSpecialPage -->
