<?xml version="1.0" encoding="UTF-8"?>
<!-- Generated by org.testng.reporters.JUnitReportReporter -->
<testsuite skipped="0" hostname="IZDT-211" name="com.r1v2.frontend.pagebuilder.module.CampaignPage" tests="1" failures="0" timestamp="22 Aug 2018 12:06:49 GMT" time="5.565" errors="0">
  <testcase name="testCPG_1" time="5.565" classname="com.r1v2.frontend.pagebuilder.module.CampaignPage"/>
</testsuite> <!-- com.r1v2.frontend.pagebuilder.module.CampaignPage -->
