<?xml version="1.0" encoding="UTF-8"?>
<!-- Generated by org.testng.reporters.JUnitReportReporter -->
<testsuite skipped="0" hostname="IZDT-211" name="com.r1v2.backend.modules.ScenarioContentPage" tests="8" failures="0" timestamp="01 Aug 2018 07:41:51 GMT" time="39.927" errors="0">
  <testcase name="testPG_1" time="0.190" classname="com.r1v2.backend.modules.ScenarioContentPage"/>
  <testcase name="testPG_2" time="13.579" classname="com.r1v2.backend.modules.ScenarioContentPage"/>
  <testcase name="testPG_3" time="0.092" classname="com.r1v2.backend.modules.ScenarioContentPage"/>
  <testcase name="testPG_4" time="0.852" classname="com.r1v2.backend.modules.ScenarioContentPage"/>
  <testcase name="testPG_5" time="1.023" classname="com.r1v2.backend.modules.ScenarioContentPage"/>
  <testcase name="testPG_6" time="5.249" classname="com.r1v2.backend.modules.ScenarioContentPage"/>
  <testcase name="testPG_7" time="0.230" classname="com.r1v2.backend.modules.ScenarioContentPage"/>
  <testcase name="testPG_8" time="18.712" classname="com.r1v2.backend.modules.ScenarioContentPage"/>
</testsuite> <!-- com.r1v2.backend.modules.ScenarioContentPage -->
