<?xml version="1.0" encoding="UTF-8"?>
<!-- Generated by org.testng.reporters.JUnitReportReporter -->
<testsuite skipped="1" hostname="IZDT-211" name="com.r1v2.backend.pagebuilder.module.ScenarioCamapignPage" tests="8" failures="0" timestamp="10 Aug 2018 05:21:07 GMT" time="35.961" errors="0">
  <testcase name="testPG_1" time="16.954" classname="com.r1v2.backend.pagebuilder.module.ScenarioCamapignPage"/>
  <testcase name="testPG_2" time="0.740" classname="com.r1v2.backend.pagebuilder.module.ScenarioCamapignPage"/>
  <testcase name="testPG_3" time="1.067" classname="com.r1v2.backend.pagebuilder.module.ScenarioCamapignPage"/>
  <testcase name="testPG_4" time="0.336" classname="com.r1v2.backend.pagebuilder.module.ScenarioCamapignPage"/>
  <testcase name="testPG_5" time="0.028" classname="com.r1v2.backend.pagebuilder.module.ScenarioCamapignPage">
    <skipped/>
  </testcase> <!-- testPG_5 -->
  <testcase name="testPG_6" time="0.842" classname="com.r1v2.backend.pagebuilder.module.ScenarioCamapignPage"/>
  <testcase name="testPG_7" time="15.317" classname="com.r1v2.backend.pagebuilder.module.ScenarioCamapignPage"/>
  <testcase name="testPG_8" time="0.677" classname="com.r1v2.backend.pagebuilder.module.ScenarioCamapignPage"/>
</testsuite> <!-- com.r1v2.backend.pagebuilder.module.ScenarioCamapignPage -->
