<?xml version="1.0" encoding="UTF-8"?>
<!-- Generated by org.testng.reporters.JUnitReportReporter -->
<testsuite skipped="1" hostname="IZDT-211" name="com.r1v2.backend.pagebuilder.module.ScenarioCamapignPage" tests="8" failures="0" timestamp="22 Aug 2018 12:06:49 GMT" time="19.786" errors="0">
  <testcase name="testPG_1" time="3.666" classname="com.r1v2.backend.pagebuilder.module.ScenarioCamapignPage"/>
  <testcase name="testPG_2" time="0.428" classname="com.r1v2.backend.pagebuilder.module.ScenarioCamapignPage"/>
  <testcase name="testPG_3" time="1.003" classname="com.r1v2.backend.pagebuilder.module.ScenarioCamapignPage"/>
  <testcase name="testPG_4" time="0.152" classname="com.r1v2.backend.pagebuilder.module.ScenarioCamapignPage"/>
  <testcase name="testPG_5" time="0.058" classname="com.r1v2.backend.pagebuilder.module.ScenarioCamapignPage">
    <skipped/>
  </testcase> <!-- testPG_5 -->
  <testcase name="testPG_6" time="0.388" classname="com.r1v2.backend.pagebuilder.module.ScenarioCamapignPage"/>
  <testcase name="testPG_7" time="13.523" classname="com.r1v2.backend.pagebuilder.module.ScenarioCamapignPage"/>
  <testcase name="testPG_8" time="0.568" classname="com.r1v2.backend.pagebuilder.module.ScenarioCamapignPage"/>
</testsuite> <!-- com.r1v2.backend.pagebuilder.module.ScenarioCamapignPage -->
