<?xml version="1.0" encoding="UTF-8"?>
<!-- Generated by org.testng.reporters.JUnitReportReporter -->
<testsuite skipped="0" hostname="IZDT-211" name="com.r1v2.backend.pagebuilder.module.ScenarioContentPage" tests="8" failures="0" timestamp="22 Aug 2018 12:06:49 GMT" time="17.881" errors="0">
  <testcase name="testPG_1" time="0.168" classname="com.r1v2.backend.pagebuilder.module.ScenarioContentPage"/>
  <testcase name="testPG_2" time="3.382" classname="com.r1v2.backend.pagebuilder.module.ScenarioContentPage"/>
  <testcase name="testPG_3" time="0.105" classname="com.r1v2.backend.pagebuilder.module.ScenarioContentPage"/>
  <testcase name="testPG_4" time="1.096" classname="com.r1v2.backend.pagebuilder.module.ScenarioContentPage"/>
  <testcase name="testPG_5" time="0.171" classname="com.r1v2.backend.pagebuilder.module.ScenarioContentPage"/>
  <testcase name="testPG_6" time="0.360" classname="com.r1v2.backend.pagebuilder.module.ScenarioContentPage"/>
  <testcase name="testPG_7" time="11.984" classname="com.r1v2.backend.pagebuilder.module.ScenarioContentPage"/>
  <testcase name="testPG_8" time="0.615" classname="com.r1v2.backend.pagebuilder.module.ScenarioContentPage"/>
</testsuite> <!-- com.r1v2.backend.pagebuilder.module.ScenarioContentPage -->
