<?xml version="1.0" encoding="UTF-8"?>
<!-- Generated by org.testng.reporters.JUnitReportReporter -->
<testsuite skipped="0" hostname="IZDT-211" name="com.r1v2.frontend.pagebuilder.module.SpecialPage" tests="1" failures="0" timestamp="10 Aug 2018 05:04:52 GMT" time="10.342" errors="0">
  <testcase name="testPG_1" time="10.342" classname="com.r1v2.frontend.pagebuilder.module.SpecialPage"/>
</testsuite> <!-- com.r1v2.frontend.pagebuilder.module.SpecialPage -->
