<?xml version="1.0" encoding="UTF-8"?>
<!-- Generated by org.testng.reporters.JUnitReportReporter -->
<testsuite skipped="0" hostname="IZDT-211" name="com.r1v2.backend.pagebuilder.module.ScenarioContentPage" tests="6" failures="0" timestamp="21 Aug 2018 11:51:01 GMT" time="4.587" errors="0">
  <testcase name="testPG_1" time="0.150" classname="com.r1v2.backend.pagebuilder.module.ScenarioContentPage"/>
  <testcase name="testPG_2" time="3.064" classname="com.r1v2.backend.pagebuilder.module.ScenarioContentPage"/>
  <testcase name="testPG_3" time="0.090" classname="com.r1v2.backend.pagebuilder.module.ScenarioContentPage"/>
  <testcase name="testPG_4" time="0.969" classname="com.r1v2.backend.pagebuilder.module.ScenarioContentPage"/>
  <testcase name="testPG_5" time="0.141" classname="com.r1v2.backend.pagebuilder.module.ScenarioContentPage"/>
  <testcase name="testPG_6" time="0.173" classname="com.r1v2.backend.pagebuilder.module.ScenarioContentPage"/>
</testsuite> <!-- com.r1v2.backend.pagebuilder.module.ScenarioContentPage -->
