<?xml version="1.0" encoding="UTF-8"?>
<!-- Generated by org.testng.reporters.JUnitReportReporter -->
<testsuite skipped="0" hostname="IZDT-211" name="com.r1v2.frontend.pagebuilder.module.ContentPage" tests="1" failures="0" timestamp="21 Aug 2018 08:50:07 GMT" time="3.762" errors="0">
  <testcase name="testCOPG_1" time="3.762" classname="com.r1v2.frontend.pagebuilder.module.ContentPage"/>
</testsuite> <!-- com.r1v2.frontend.pagebuilder.module.ContentPage -->
