<?xml version="1.0" encoding="UTF-8"?>
<!-- Generated by org.testng.reporters.JUnitReportReporter -->
<testsuite skipped="0" hostname="IZDT-211" name="com.r1v2.backend.pricerule.module.ScenarioDealerDiscount" tests="1" failures="0" timestamp="06 Aug 2018 14:38:15 GMT" time="6.207" errors="0">
  <testcase name="testPG_1" time="6.207" classname="com.r1v2.backend.pricerule.module.ScenarioDealerDiscount"/>
</testsuite> <!-- com.r1v2.backend.pricerule.module.ScenarioDealerDiscount -->
