<?xml version="1.0" encoding="UTF-8"?>
<!-- Generated by org.testng.reporters.JUnitReportReporter -->
<testsuite skipped="0" hostname="IZDT-211" name="com.r1v2.reporting.test.Scenario2Dlr" tests="12" failures="0" timestamp="27 Jul 2018 06:23:02 GMT" time="64.187" errors="0">
  <testcase name="testPG_1" time="0.181" classname="com.r1v2.reporting.test.Scenario2Dlr"/>
  <testcase name="testPG_2" time="14.900" classname="com.r1v2.reporting.test.Scenario2Dlr"/>
  <testcase name="testPG_3" time="0.075" classname="com.r1v2.reporting.test.Scenario2Dlr"/>
  <testcase name="testPG_4" time="1.037" classname="com.r1v2.reporting.test.Scenario2Dlr"/>
  <testcase name="testPG_5" time="1.121" classname="com.r1v2.reporting.test.Scenario2Dlr"/>
  <testcase name="testPG_6" time="5.506" classname="com.r1v2.reporting.test.Scenario2Dlr"/>
  <testcase name="testPG_7" time="15.662" classname="com.r1v2.reporting.test.Scenario2Dlr"/>
  <testcase name="testPG_8" time="0.956" classname="com.r1v2.reporting.test.Scenario2Dlr"/>
  <testcase name="testPG_9" time="6.410" classname="com.r1v2.reporting.test.Scenario2Dlr"/>
  <testcase name="testPG_10" time="11.902" classname="com.r1v2.reporting.test.Scenario2Dlr"/>
  <testcase name="testPG_11" time="0.889" classname="com.r1v2.reporting.test.Scenario2Dlr"/>
  <testcase name="testPG_12" time="5.548" classname="com.r1v2.reporting.test.Scenario2Dlr"/>
</testsuite> <!-- com.r1v2.reporting.test.Scenario2Dlr -->
