<?xml version="1.0" encoding="UTF-8"?>
<!-- Generated by org.testng.reporters.JUnitReportReporter -->
<testsuite skipped="0" hostname="IZDT-211" name="com.r1v2.reporting.test.Scenario1Login" tests="2" failures="0" timestamp="26 Jul 2018 07:25:02 GMT" time="2.701" errors="0">
  <testcase name="testSC_1" time="1.454" classname="com.r1v2.reporting.test.Scenario1Login"/>
  <testcase name="testSC_2" time="1.247" classname="com.r1v2.reporting.test.Scenario1Login"/>
</testsuite> <!-- com.r1v2.reporting.test.Scenario1Login -->
