<?xml version="1.0" encoding="UTF-8"?>
<!-- Generated by org.testng.reporters.JUnitReportReporter -->
<testsuite skipped="7" hostname="IZDT-211" name="com.r1v2.backend.pagebuilder.module.ScenarioCamapignPage" tests="9" failures="0" timestamp="07 Aug 2018 11:13:01 GMT" time="12.011" errors="1">
  <testcase name="getResult" time="0.004" classname="com.r1v2.backend.pagebuilder.module.ScenarioCamapignPage">
    <error type="java.lang.NullPointerException">
      <![CDATA[java.lang.NullPointerException
at com.core.reports.ExtentReport1.getResult(ExtentReport1.java:44)
at sun.reflect.NativeMethodAccessorImpl.invoke0(Native Method)
at sun.reflect.NativeMethodAccessorImpl.invoke(NativeMethodAccessorImpl.java:62)
at sun.reflect.DelegatingMethodAccessorImpl.invoke(DelegatingMethodAccessorImpl.java:43)
at java.lang.reflect.Method.invoke(Method.java:497)
at org.testng.internal.MethodInvocationHelper.invokeMethod(MethodInvocationHelper.java:124)
at org.testng.internal.MethodInvocationHelper.invokeMethodConsideringTimeout(MethodInvocationHelper.java:59)
at org.testng.internal.Invoker.invokeConfigurationMethod(Invoker.java:458)
at org.testng.internal.Invoker.invokeConfigurations(Invoker.java:222)
at org.testng.internal.Invoker.invokeMethod(Invoker.java:646)
at org.testng.internal.Invoker.invokeTestMethod(Invoker.java:719)
at org.testng.internal.Invoker.invokeTestMethods(Invoker.java:989)
at org.testng.internal.TestMethodWorker.invokeTestMethods(TestMethodWorker.java:125)
at org.testng.internal.TestMethodWorker.run(TestMethodWorker.java:109)
at org.testng.TestRunner.privateRun(TestRunner.java:648)
at org.testng.TestRunner.run(TestRunner.java:505)
at org.testng.SuiteRunner.runTest(SuiteRunner.java:455)
at org.testng.SuiteRunner.runSequentially(SuiteRunner.java:450)
at org.testng.SuiteRunner.privateRun(SuiteRunner.java:415)
at org.testng.SuiteRunner.run(SuiteRunner.java:364)
at org.testng.SuiteRunnerWorker.runSuite(SuiteRunnerWorker.java:52)
at org.testng.SuiteRunnerWorker.run(SuiteRunnerWorker.java:84)
at org.testng.TestNG.runSuitesSequentially(TestNG.java:1208)
at org.testng.TestNG.runSuitesLocally(TestNG.java:1137)
at org.testng.TestNG.runSuites(TestNG.java:1049)
at org.testng.TestNG.run(TestNG.java:1017)
at org.testng.remote.AbstractRemoteTestNG.run(AbstractRemoteTestNG.java:114)
at org.testng.remote.RemoteTestNG.initAndRun(RemoteTestNG.java:251)
at org.testng.remote.RemoteTestNG.main(RemoteTestNG.java:77)
]]>
    </error>
  </testcase> <!-- getResult -->
  <testcase name="testPG_1" time="12.007" classname="com.r1v2.backend.pagebuilder.module.ScenarioCamapignPage"/>
  <testcase name="testPG_2" time="0.000" classname="com.r1v2.backend.pagebuilder.module.ScenarioCamapignPage">
    <skipped/>
  </testcase> <!-- testPG_2 -->
  <testcase name="testPG_3" time="0.000" classname="com.r1v2.backend.pagebuilder.module.ScenarioCamapignPage">
    <skipped/>
  </testcase> <!-- testPG_3 -->
  <testcase name="testPG_4" time="0.000" classname="com.r1v2.backend.pagebuilder.module.ScenarioCamapignPage">
    <skipped/>
  </testcase> <!-- testPG_4 -->
  <testcase name="testPG_5" time="0.000" classname="com.r1v2.backend.pagebuilder.module.ScenarioCamapignPage">
    <skipped/>
  </testcase> <!-- testPG_5 -->
  <testcase name="testPG_6" time="0.000" classname="com.r1v2.backend.pagebuilder.module.ScenarioCamapignPage">
    <skipped/>
  </testcase> <!-- testPG_6 -->
  <testcase name="testPG_7" time="0.000" classname="com.r1v2.backend.pagebuilder.module.ScenarioCamapignPage">
    <skipped/>
  </testcase> <!-- testPG_7 -->
  <testcase name="testPG_8" time="0.000" classname="com.r1v2.backend.pagebuilder.module.ScenarioCamapignPage">
    <skipped/>
  </testcase> <!-- testPG_8 -->
</testsuite> <!-- com.r1v2.backend.pagebuilder.module.ScenarioCamapignPage -->
