<?xml version="1.0" encoding="UTF-8"?>
<!-- Generated by org.testng.reporters.JUnitReportReporter -->
<testsuite skipped="0" hostname="HMECD001609" name="com.r1v2.backend.pagebuilder.module.Sample" tests="1" failures="0" timestamp="15 Jul 2019 06:11:08 GMT" time="2.079" errors="0">
  <testcase name="login" time="2.079" classname="com.r1v2.backend.pagebuilder.module.Sample"/>
</testsuite> <!-- com.r1v2.backend.pagebuilder.module.Sample -->
