<?xml version="1.0" encoding="UTF-8"?>
<!-- Generated by org.testng.reporters.JUnitReportReporter -->
<testsuite skipped="1" hostname="IZDT-211" name="com.r1v2.backend.pagebuilder.module.ScenarioSpecialPage" tests="7" failures="0" timestamp="22 Aug 2018 12:06:49 GMT" time="17.177" errors="0">
  <testcase name="testPG_1" time="3.534" classname="com.r1v2.backend.pagebuilder.module.ScenarioSpecialPage"/>
  <testcase name="testPG_2" time="0.293" classname="com.r1v2.backend.pagebuilder.module.ScenarioSpecialPage"/>
  <testcase name="testPG_3" time="0.943" classname="com.r1v2.backend.pagebuilder.module.ScenarioSpecialPage"/>
  <testcase name="testPG_4" time="0.146" classname="com.r1v2.backend.pagebuilder.module.ScenarioSpecialPage"/>
  <testcase name="testPG_5" time="0.054" classname="com.r1v2.backend.pagebuilder.module.ScenarioSpecialPage">
    <skipped/>
  </testcase> <!-- testPG_5 -->
  <testcase name="testPG_6" time="11.856" classname="com.r1v2.backend.pagebuilder.module.ScenarioSpecialPage"/>
  <testcase name="testPG_7" time="0.351" classname="com.r1v2.backend.pagebuilder.module.ScenarioSpecialPage"/>
</testsuite> <!-- com.r1v2.backend.pagebuilder.module.ScenarioSpecialPage -->
