<?xml version="1.0" encoding="UTF-8"?>
<!-- Generated by org.testng.reporters.JUnitReportReporter -->
<testsuite skipped="0" hostname="IZDT-211" name="com.r1v2.reporting.test.Scenario2Pages" tests="3" failures="0" timestamp="11 Jul 2018 13:43:26 GMT" time="41.316" errors="0">
  <testcase name="testRD_2_3" time="4.209" classname="com.r1v2.reporting.test.Scenario2Pages"/>
  <testcase name="testRD_2_4" time="31.506" classname="com.r1v2.reporting.test.Scenario2Pages"/>
  <testcase name="testRD_2_1" time="5.601" classname="com.r1v2.reporting.test.Scenario2Pages"/>
</testsuite> <!-- com.r1v2.reporting.test.Scenario2Pages -->
