<?xml version="1.0" encoding="UTF-8"?>
<!-- Generated by org.testng.reporters.JUnitReportReporter -->
<testsuite skipped="0" hostname="IZDT-211" name="com.r1v2.backend.pagebuilder.module.ScenarioCamapignPage" tests="8" failures="0" timestamp="06 Aug 2018 09:27:38 GMT" time="15.068" errors="0">
  <testcase name="testPG_1" time="6.504" classname="com.r1v2.backend.pagebuilder.module.ScenarioCamapignPage"/>
  <testcase name="testPG_2" time="0.567" classname="com.r1v2.backend.pagebuilder.module.ScenarioCamapignPage"/>
  <testcase name="testPG_3" time="0.875" classname="com.r1v2.backend.pagebuilder.module.ScenarioCamapignPage"/>
  <testcase name="testPG_4" time="0.273" classname="com.r1v2.backend.pagebuilder.module.ScenarioCamapignPage"/>
  <testcase name="testPG_5" time="0.508" classname="com.r1v2.backend.pagebuilder.module.ScenarioCamapignPage"/>
  <testcase name="testPG_6" time="0.743" classname="com.r1v2.backend.pagebuilder.module.ScenarioCamapignPage"/>
  <testcase name="testPG_7" time="5.257" classname="com.r1v2.backend.pagebuilder.module.ScenarioCamapignPage"/>
  <testcase name="testPG_8" time="0.341" classname="com.r1v2.backend.pagebuilder.module.ScenarioCamapignPage"/>
</testsuite> <!-- com.r1v2.backend.pagebuilder.module.ScenarioCamapignPage -->
