<?xml version="1.0" encoding="UTF-8"?>
<!-- Generated by org.testng.reporters.JUnitReportReporter -->
<testsuite skipped="0" hostname="IZDT-211" name="com.r1v2.reporting.test.Scenario2Dlr" tests="5" failures="0" timestamp="17 Jul 2018 12:28:09 GMT" time="21.326" errors="0">
  <testcase name="testPG_2_1" time="0.181" classname="com.r1v2.reporting.test.Scenario2Dlr"/>
  <testcase name="testPG_2_4" time="16.540" classname="com.r1v2.reporting.test.Scenario2Dlr"/>
  <testcase name="testPG_2_5" time="0.088" classname="com.r1v2.reporting.test.Scenario2Dlr"/>
  <testcase name="testPG_2_3" time="4.145" classname="com.r1v2.reporting.test.Scenario2Dlr"/>
  <testcase name="testPG_2_7" time="0.372" classname="com.r1v2.reporting.test.Scenario2Dlr"/>
</testsuite> <!-- com.r1v2.reporting.test.Scenario2Dlr -->
