<?xml version="1.0" encoding="UTF-8"?>
<!-- Generated by org.testng.reporters.JUnitReportReporter -->
<testsuite skipped="0" hostname="IZDT-211" name="com.r1v2.reporting.test.Scenario1Login" tests="10" failures="0" timestamp="18 Jul 2018 13:38:50 GMT" time="8.335" errors="0">
  <testcase name="testSC_1" time="0.627" classname="com.r1v2.reporting.test.Scenario1Login"/>
  <testcase name="testSC_2" time="1.250" classname="com.r1v2.reporting.test.Scenario1Login"/>
  <testcase name="testSC_3" time="0.635" classname="com.r1v2.reporting.test.Scenario1Login"/>
  <testcase name="testSC_4" time="0.755" classname="com.r1v2.reporting.test.Scenario1Login"/>
  <testcase name="testSC_5" time="0.751" classname="com.r1v2.reporting.test.Scenario1Login"/>
  <testcase name="testSC_6" time="0.706" classname="com.r1v2.reporting.test.Scenario1Login"/>
  <testcase name="testSC_7" time="0.792" classname="com.r1v2.reporting.test.Scenario1Login"/>
  <testcase name="testSC_8" time="0.089" classname="com.r1v2.reporting.test.Scenario1Login"/>
  <testcase name="testSC_9" time="2.626" classname="com.r1v2.reporting.test.Scenario1Login"/>
  <testcase name="testSC_10" time="0.104" classname="com.r1v2.reporting.test.Scenario1Login"/>
</testsuite> <!-- com.r1v2.reporting.test.Scenario1Login -->
